27.09.2021 16:34:09 - NULL
27.09.2021 16:34:10 - NULL
27.09.2021 16:35:52 - NULL
27.09.2021 16:36:24 - NULL
27.09.2021 16:45:00 - NULL
27.09.2021 16:46:02 - NULL
27.09.2021 16:46:08 - NULL
27.09.2021 16:47:51 - NULL
27.09.2021 16:48:58 - NULL
27.09.2021 16:55:44 - NULL
27.09.2021 16:56:38 - array (
  'jsonrpc' => '2.0',
  'id' => 12663,
  'method' => 'CheckPerformTransaction',
  'params' => 
  array (
    'amount' => 100000000,
    'account' => 
    array (
      'order_id' => '8940',
      'itstars_uz' => '1111',
      'test' => '4444',
    ),
  ),
)
27.09.2021 16:56:38 - array (
  'jsonrpc' => '2.0',
  'id' => 12664,
  'method' => 'CreateTransaction',
  'params' => 
  array (
    'account' => 
    array (
      'order_id' => '8940',
      'itstars_uz' => '1111',
      'test' => '4444',
    ),
    'amount' => 100000000,
    'id' => '6151f7c6ae53c16635724842',
    'time' => 1632761798017,
  ),
)
27.09.2021 16:56:39 - array (
  'jsonrpc' => '2.0',
  'id' => 12665,
  'method' => 'CheckTransaction',
  'params' => 
  array (
    'id' => '6151f7c6ae53c16635724842',
  ),
)
27.09.2021 16:56:39 - array (
  'jsonrpc' => '2.0',
  'id' => 12666,
  'method' => 'CreateTransaction',
  'params' => 
  array (
    'account' => 
    array (
      'order_id' => '8940',
      'itstars_uz' => '1111',
      'test' => '4444',
    ),
    'amount' => 100000000,
    'id' => '6151f7c7ae53c16635724843',
    'time' => 1632761799331,
  ),
)
28.09.2021 09:33:53 - array (
  'jsonrpc' => '2.0',
  'id' => 12890,
  'method' => 'CheckPerformTransaction',
  'params' => 
  array (
    'amount' => 100000000,
    'account' => 
    array (
      'order_id' => '8941',
      'itstars_uz' => '123',
      'test' => '1222',
    ),
  ),
)
28.09.2021 09:33:55 - array (
  'jsonrpc' => '2.0',
  'id' => 12891,
  'method' => 'CreateTransaction',
  'params' => 
  array (
    'account' => 
    array (
      'order_id' => '8941',
      'itstars_uz' => '123',
      'test' => '1222',
    ),
    'amount' => 100000000,
    'id' => '6152e182ae53c1663572489b',
    'time' => 1632821634004,
  ),
)
28.09.2021 09:33:55 - array (
  'jsonrpc' => '2.0',
  'id' => 12892,
  'method' => 'CheckTransaction',
  'params' => 
  array (
    'id' => '6152e182ae53c1663572489b',
  ),
)
28.09.2021 09:33:56 - array (
  'jsonrpc' => '2.0',
  'id' => 12893,
  'method' => 'CreateTransaction',
  'params' => 
  array (
    'account' => 
    array (
      'order_id' => '8941',
      'itstars_uz' => '123',
      'test' => '1222',
    ),
    'amount' => 100000000,
    'id' => '6152e184ae53c1663572489c',
    'time' => 1632821636001,
  ),
)
29.09.2021 10:22:53 - array (
  'jsonrpc' => '2.0',
  'id' => 13851,
  'method' => 'CheckPerformTransaction',
  'params' => 
  array (
    'amount' => 100000000,
    'account' => 
    array (
      'order_id' => '8953',
      'itstars_uz' => '333',
      'test' => '333',
    ),
  ),
)
29.09.2021 10:22:54 - array (
  'jsonrpc' => '2.0',
  'id' => 13852,
  'method' => 'CreateTransaction',
  'params' => 
  array (
    'account' => 
    array (
      'order_id' => '8953',
      'itstars_uz' => '333',
      'test' => '333',
    ),
    'amount' => 100000000,
    'id' => '61543e7dae53c166357249c5',
    'time' => 1632910973658,
  ),
)
29.09.2021 10:22:55 - array (
  'jsonrpc' => '2.0',
  'id' => 13853,
  'method' => 'CreateTransaction',
  'params' => 
  array (
    'account' => 
    array (
      'order_id' => '8953',
      'itstars_uz' => '333',
      'test' => '333',
    ),
    'amount' => 100000000,
    'id' => '61543e7dae53c166357249c5',
    'time' => 1632910973658,
  ),
)
29.09.2021 10:22:56 - array (
  'jsonrpc' => '2.0',
  'id' => 13854,
  'method' => 'CheckTransaction',
  'params' => 
  array (
    'id' => '61543e7dae53c166357249c5',
  ),
)
29.09.2021 10:22:56 - array (
  'jsonrpc' => '2.0',
  'id' => 13855,
  'method' => 'CreateTransaction',
  'params' => 
  array (
    'account' => 
    array (
      'order_id' => '8953',
      'itstars_uz' => '333',
      'test' => '333',
    ),
    'amount' => 100000000,
    'id' => '61543e80ae53c166357249c6',
    'time' => 1632910976187,
  ),
)
29.09.2021 10:23:56 - array (
  'jsonrpc' => '2.0',
  'id' => 13856,
  'method' => 'PerformTransaction',
  'params' => 
  array (
    'id' => '61543e7dae53c166357249c5',
  ),
)
29.09.2021 10:23:57 - array (
  'jsonrpc' => '2.0',
  'id' => 13857,
  'method' => 'PerformTransaction',
  'params' => 
  array (
    'id' => '61543e7dae53c166357249c5',
  ),
)
29.09.2021 10:23:58 - array (
  'jsonrpc' => '2.0',
  'id' => 13858,
  'method' => 'CheckTransaction',
  'params' => 
  array (
    'id' => '61543e7dae53c166357249c5',
  ),
)
29.09.2021 10:24:49 - array (
  'jsonrpc' => '2.0',
  'id' => 13859,
  'method' => 'CheckPerformTransaction',
  'params' => 
  array (
    'amount' => 100000000,
    'account' => 
    array (
      'order_id' => '8953',
      'itstars_uz' => '333',
      'test' => '333',
    ),
  ),
)
29.09.2021 10:28:28 - array (
  'jsonrpc' => '2.0',
  'id' => 13860,
  'method' => 'CheckPerformTransaction',
  'params' => 
  array (
    'amount' => 100000000,
    'account' => 
    array (
      'order_id' => '8954',
      'token' => '333',
    ),
  ),
)
29.09.2021 10:28:29 - array (
  'jsonrpc' => '2.0',
  'id' => 13861,
  'method' => 'CreateTransaction',
  'params' => 
  array (
    'account' => 
    array (
      'order_id' => '8954',
      'token' => '333',
    ),
    'amount' => 100000000,
    'id' => '61543fccae53c166357249c9',
    'time' => 1632911308896,
  ),
)
29.09.2021 10:28:30 - array (
  'jsonrpc' => '2.0',
  'id' => 13862,
  'method' => 'CreateTransaction',
  'params' => 
  array (
    'account' => 
    array (
      'order_id' => '8954',
      'token' => '333',
    ),
    'amount' => 100000000,
    'id' => '61543fccae53c166357249c9',
    'time' => 1632911308896,
  ),
)
29.09.2021 10:28:31 - array (
  'jsonrpc' => '2.0',
  'id' => 13863,
  'method' => 'CheckTransaction',
  'params' => 
  array (
    'id' => '61543fccae53c166357249c9',
  ),
)
29.09.2021 10:28:32 - array (
  'jsonrpc' => '2.0',
  'id' => 13864,
  'method' => 'CreateTransaction',
  'params' => 
  array (
    'account' => 
    array (
      'order_id' => '8954',
      'token' => '333',
    ),
    'amount' => 100000000,
    'id' => '61543fcfae53c166357249ca',
    'time' => 1632911311555,
  ),
)
29.09.2021 10:28:54 - array (
  'jsonrpc' => '2.0',
  'id' => 13865,
  'method' => 'CheckPerformTransaction',
  'params' => 
  array (
    'amount' => 100000000,
    'account' => 
    array (
      'order_id' => '8954',
      'token' => '333',
    ),
  ),
)
29.09.2021 10:29:03 - array (
  'jsonrpc' => '2.0',
  'id' => 13866,
  'method' => 'PerformTransaction',
  'params' => 
  array (
    'id' => '61543fccae53c166357249c9',
  ),
)
29.09.2021 10:29:04 - array (
  'jsonrpc' => '2.0',
  'id' => 13867,
  'method' => 'PerformTransaction',
  'params' => 
  array (
    'id' => '61543fccae53c166357249c9',
  ),
)
29.09.2021 10:29:04 - array (
  'jsonrpc' => '2.0',
  'id' => 13868,
  'method' => 'CheckTransaction',
  'params' => 
  array (
    'id' => '61543fccae53c166357249c9',
  ),
)
29.09.2021 10:29:16 - array (
  'jsonrpc' => '2.0',
  'id' => 13869,
  'method' => 'CancelTransaction',
  'params' => 
  array (
    'id' => '61543fccae53c166357249c9',
    'reason' => 5,
  ),
)
29.09.2021 10:29:17 - array (
  'jsonrpc' => '2.0',
  'id' => 13870,
  'method' => 'CancelTransaction',
  'params' => 
  array (
    'id' => '61543fccae53c166357249c9',
    'reason' => 5,
  ),
)
29.09.2021 10:29:18 - array (
  'jsonrpc' => '2.0',
  'id' => 13871,
  'method' => 'CheckTransaction',
  'params' => 
  array (
    'id' => '61543fccae53c166357249c9',
  ),
)
29.09.2021 10:29:24 - array (
  'jsonrpc' => '2.0',
  'id' => 13872,
  'method' => 'CancelTransaction',
  'params' => 
  array (
    'id' => '61543fccae53c166357249c9',
    'reason' => 5,
  ),
)
29.09.2021 10:29:25 - array (
  'jsonrpc' => '2.0',
  'id' => 13873,
  'method' => 'CancelTransaction',
  'params' => 
  array (
    'id' => '61543fccae53c166357249c9',
    'reason' => 5,
  ),
)
29.09.2021 10:29:26 - array (
  'jsonrpc' => '2.0',
  'id' => 13874,
  'method' => 'CheckTransaction',
  'params' => 
  array (
    'id' => '61543fccae53c166357249c9',
  ),
)
29.09.2021 10:29:35 - array (
  'jsonrpc' => '2.0',
  'id' => 13875,
  'method' => 'CancelTransaction',
  'params' => 
  array (
    'id' => '61543fccae53c166357249c9',
    'reason' => 5,
  ),
)
29.09.2021 10:29:36 - array (
  'jsonrpc' => '2.0',
  'id' => 13876,
  'method' => 'CancelTransaction',
  'params' => 
  array (
    'id' => '61543fccae53c166357249c9',
    'reason' => 5,
  ),
)
29.09.2021 10:29:37 - array (
  'jsonrpc' => '2.0',
  'id' => 13877,
  'method' => 'CheckTransaction',
  'params' => 
  array (
    'id' => '61543fccae53c166357249c9',
  ),
)
29.09.2021 10:45:56 - array (
  'jsonrpc' => '2.0',
  'id' => 13892,
  'method' => 'CancelTransaction',
  'params' => 
  array (
    'id' => '61543fccae53c166357249c9',
    'reason' => 5,
  ),
)
29.09.2021 10:45:57 - array (
  'jsonrpc' => '2.0',
  'id' => 13893,
  'method' => 'CancelTransaction',
  'params' => 
  array (
    'id' => '61543fccae53c166357249c9',
    'reason' => 5,
  ),
)
29.09.2021 10:45:58 - array (
  'jsonrpc' => '2.0',
  'id' => 13894,
  'method' => 'CheckTransaction',
  'params' => 
  array (
    'id' => '61543fccae53c166357249c9',
  ),
)
29.09.2021 10:46:03 - array (
  'jsonrpc' => '2.0',
  'id' => 13895,
  'method' => 'CheckPerformTransaction',
  'params' => 
  array (
    'amount' => 100000000,
    'account' => 
    array (
      'order_id' => '8954',
      'token' => '333',
    ),
  ),
)
29.09.2021 10:46:04 - array (
  'jsonrpc' => '2.0',
  'id' => 13896,
  'method' => 'CreateTransaction',
  'params' => 
  array (
    'account' => 
    array (
      'order_id' => '8954',
      'token' => '333',
    ),
    'amount' => 100000000,
    'id' => '615443ebae53c166357249d1',
    'time' => 1632912363636,
  ),
)
29.09.2021 10:46:05 - array (
  'jsonrpc' => '2.0',
  'id' => 13897,
  'method' => 'CheckTransaction',
  'params' => 
  array (
    'id' => '615443ebae53c166357249d1',
  ),
)
29.09.2021 10:46:06 - array (
  'jsonrpc' => '2.0',
  'id' => 13898,
  'method' => 'CreateTransaction',
  'params' => 
  array (
    'account' => 
    array (
      'order_id' => '8954',
      'token' => '333',
    ),
    'amount' => 100000000,
    'id' => '615443edae53c166357249d2',
    'time' => 1632912365395,
  ),
)
29.09.2021 11:06:36 - array (
  'jsonrpc' => '2.0',
  'id' => 13899,
  'method' => 'CheckPerformTransaction',
  'params' => 
  array (
    'amount' => 100000000,
    'account' => 
    array (
      'order_id' => '8955',
      'token' => '333',
    ),
  ),
)
29.09.2021 11:06:40 - array (
  'jsonrpc' => '2.0',
  'id' => 13900,
  'method' => 'CheckPerformTransaction',
  'params' => 
  array (
    'amount' => 100000000,
    'account' => 
    array (
      'order_id' => '8955',
      'token' => '333',
    ),
  ),
)
29.09.2021 11:06:40 - array (
  'jsonrpc' => '2.0',
  'id' => 13901,
  'method' => 'CreateTransaction',
  'params' => 
  array (
    'account' => 
    array (
      'order_id' => '8955',
      'token' => '333',
    ),
    'amount' => 100000000,
    'id' => '615448c0ae53c166357249d4',
    'time' => 1632913600041,
  ),
)
29.09.2021 11:06:41 - array (
  'jsonrpc' => '2.0',
  'id' => 13902,
  'method' => 'CreateTransaction',
  'params' => 
  array (
    'account' => 
    array (
      'order_id' => '8955',
      'token' => '333',
    ),
    'amount' => 100000000,
    'id' => '615448c0ae53c166357249d4',
    'time' => 1632913600041,
  ),
)
29.09.2021 11:06:42 - array (
  'jsonrpc' => '2.0',
  'id' => 13903,
  'method' => 'CheckTransaction',
  'params' => 
  array (
    'id' => '615448c0ae53c166357249d4',
  ),
)
29.09.2021 11:06:42 - array (
  'jsonrpc' => '2.0',
  'id' => 13904,
  'method' => 'CreateTransaction',
  'params' => 
  array (
    'account' => 
    array (
      'order_id' => '8955',
      'token' => '333',
    ),
    'amount' => 100000000,
    'id' => '615448c2ae53c166357249d5',
    'time' => 1632913602202,
  ),
)
29.09.2021 11:06:48 - array (
  'jsonrpc' => '2.0',
  'id' => 13905,
  'method' => 'PerformTransaction',
  'params' => 
  array (
    'id' => '615448c0ae53c166357249d4',
  ),
)
29.09.2021 11:06:50 - array (
  'jsonrpc' => '2.0',
  'id' => 13906,
  'method' => 'PerformTransaction',
  'params' => 
  array (
    'id' => '615448c0ae53c166357249d4',
  ),
)
29.09.2021 11:06:50 - array (
  'jsonrpc' => '2.0',
  'id' => 13907,
  'method' => 'CheckTransaction',
  'params' => 
  array (
    'id' => '615448c0ae53c166357249d4',
  ),
)
29.09.2021 11:06:54 - array (
  'jsonrpc' => '2.0',
  'id' => 13908,
  'method' => 'CancelTransaction',
  'params' => 
  array (
    'id' => '615448c0ae53c166357249d4',
    'reason' => 5,
  ),
)
29.09.2021 11:06:55 - array (
  'jsonrpc' => '2.0',
  'id' => 13909,
  'method' => 'CancelTransaction',
  'params' => 
  array (
    'id' => '615448c0ae53c166357249d4',
    'reason' => 5,
  ),
)
29.09.2021 11:06:56 - array (
  'jsonrpc' => '2.0',
  'id' => 13910,
  'method' => 'CheckTransaction',
  'params' => 
  array (
    'id' => '615448c0ae53c166357249d4',
  ),
)
29.09.2021 11:06:59 - array (
  'jsonrpc' => '2.0',
  'id' => 13911,
  'method' => 'CheckTransaction',
  'params' => 
  array (
    'id' => '615448c0ae53c166357249d4',
  ),
)
29.09.2021 11:07:05 - array (
  'jsonrpc' => '2.0',
  'id' => 13912,
  'method' => 'CheckPerformTransaction',
  'params' => 
  array (
    'amount' => 662346262,
    'account' => 
    array (
      'token' => '21515151',
    ),
  ),
)
29.09.2021 11:07:05 - array (
  'jsonrpc' => '2.0',
  'id' => 13913,
  'method' => 'CreateTransaction',
  'params' => 
  array (
    'id' => '615448d8ae53c166357249d8',
    'time' => 1632913624208,
    'amount' => 662346262,
    'account' => 
    array (
      'token' => '21515151',
    ),
  ),
)
29.09.2021 11:07:12 - array (
  'jsonrpc' => '2.0',
  'id' => 13914,
  'method' => 'CheckPerformTransaction',
  'params' => 
  array (
    'amount' => 231231,
    'account' => 
    array (
      'order_id' => '8955',
      'token' => '333',
    ),
  ),
)
29.09.2021 11:07:13 - array (
  'jsonrpc' => '2.0',
  'id' => 13915,
  'method' => 'CreateTransaction',
  'params' => 
  array (
    'id' => '615448dfae53c166357249d9',
    'time' => 1632913631527,
    'amount' => 231231,
    'account' => 
    array (
      'order_id' => '8955',
      'token' => '333',
    ),
  ),
)
29.09.2021 11:07:19 - array (
  'jsonrpc' => '2.0',
  'id' => 13916,
  'method' => 'CheckPerformTransaction',
  'params' => 
  array (
    'amount' => 100000000,
    'account' => 
    array (
      'order_id' => '8955',
      'token' => '333',
    ),
  ),
)
29.09.2021 11:07:20 - array (
  'jsonrpc' => '2.0',
  'id' => 13917,
  'method' => 'CreateTransaction',
  'params' => 
  array (
    'account' => 
    array (
      'order_id' => '8955',
      'token' => '333',
    ),
    'amount' => 100000000,
    'id' => '615448e7ae53c166357249da',
    'time' => 1632913639946,
  ),
)
29.09.2021 11:07:21 - array (
  'jsonrpc' => '2.0',
  'id' => 13918,
  'method' => 'CheckTransaction',
  'params' => 
  array (
    'id' => '615448e7ae53c166357249da',
  ),
)
29.09.2021 11:07:21 - array (
  'jsonrpc' => '2.0',
  'id' => 13919,
  'method' => 'CreateTransaction',
  'params' => 
  array (
    'account' => 
    array (
      'order_id' => '8955',
      'token' => '333',
    ),
    'amount' => 100000000,
    'id' => '615448e9ae53c166357249db',
    'time' => 1632913641198,
  ),
)
29.09.2021 11:07:28 - array (
  'jsonrpc' => '2.0',
  'id' => 13921,
  'method' => 'CheckPerformTransaction',
  'params' => 
  array (
    'amount' => 100000000,
    'account' => 
    array (
      'order_id' => '8955',
      'token' => '555',
    ),
  ),
)
29.09.2021 11:07:29 - array (
  'jsonrpc' => '2.0',
  'id' => 13922,
  'method' => 'CreateTransaction',
  'params' => 
  array (
    'account' => 
    array (
      'order_id' => '8955',
      'token' => '555',
    ),
    'amount' => 100000000,
    'id' => '615448f0ae53c166357249dc',
    'time' => 1632913648252,
  ),
)
29.09.2021 11:07:29 - array (
  'jsonrpc' => '2.0',
  'id' => 13923,
  'method' => 'CheckTransaction',
  'params' => 
  array (
    'id' => '615448f0ae53c166357249dc',
  ),
)
29.09.2021 11:07:30 - array (
  'jsonrpc' => '2.0',
  'id' => 13924,
  'method' => 'CreateTransaction',
  'params' => 
  array (
    'account' => 
    array (
      'order_id' => '8955',
      'token' => '555',
    ),
    'amount' => 100000000,
    'id' => '615448f1ae53c166357249dd',
    'time' => 1632913649601,
  ),
)
29.09.2021 11:23:13 - array (
  'jsonrpc' => '2.0',
  'id' => 13967,
  'method' => 'CheckPerformTransaction',
  'params' => 
  array (
    'amount' => 100000000,
    'account' => 
    array (
      'order_id' => '8955',
      'token' => '555',
    ),
  ),
)
29.09.2021 11:23:14 - array (
  'jsonrpc' => '2.0',
  'id' => 13968,
  'method' => 'CreateTransaction',
  'params' => 
  array (
    'account' => 
    array (
      'order_id' => '8955',
      'token' => '555',
    ),
    'amount' => 100000000,
    'id' => '61544ca1ae53c166357249df',
    'time' => 1632914593717,
  ),
)
29.09.2021 11:23:15 - array (
  'jsonrpc' => '2.0',
  'id' => 13969,
  'method' => 'CheckTransaction',
  'params' => 
  array (
    'id' => '61544ca1ae53c166357249df',
  ),
)
29.09.2021 11:23:16 - array (
  'jsonrpc' => '2.0',
  'id' => 13970,
  'method' => 'CreateTransaction',
  'params' => 
  array (
    'account' => 
    array (
      'order_id' => '8955',
      'token' => '555',
    ),
    'amount' => 100000000,
    'id' => '61544ca3ae53c166357249e0',
    'time' => 1632914595381,
  ),
)
29.09.2021 11:23:21 - array (
  'jsonrpc' => '2.0',
  'id' => 13971,
  'method' => 'CheckPerformTransaction',
  'params' => 
  array (
    'amount' => 100000000,
    'account' => 
    array (
      'order_id' => '8955',
      'token' => '333',
    ),
  ),
)
29.09.2021 11:23:22 - array (
  'jsonrpc' => '2.0',
  'id' => 13972,
  'method' => 'CreateTransaction',
  'params' => 
  array (
    'account' => 
    array (
      'order_id' => '8955',
      'token' => '333',
    ),
    'amount' => 100000000,
    'id' => '61544ca9ae53c166357249e1',
    'time' => 1632914601994,
  ),
)
29.09.2021 11:23:23 - array (
  'jsonrpc' => '2.0',
  'id' => 13973,
  'method' => 'CheckTransaction',
  'params' => 
  array (
    'id' => '61544ca9ae53c166357249e1',
  ),
)
29.09.2021 11:23:24 - array (
  'jsonrpc' => '2.0',
  'id' => 13974,
  'method' => 'CreateTransaction',
  'params' => 
  array (
    'account' => 
    array (
      'order_id' => '8955',
      'token' => '333',
    ),
    'amount' => 100000000,
    'id' => '61544cabae53c166357249e2',
    'time' => 1632914603574,
  ),
)
29.09.2021 11:27:44 - array (
  'jsonrpc' => '2.0',
  'id' => 13988,
  'method' => 'CheckPerformTransaction',
  'params' => 
  array (
    'amount' => 200000000,
    'account' => 
    array (
      'order_id' => '8962',
      'token' => '333',
    ),
  ),
)
29.09.2021 11:27:44 - array (
  'jsonrpc' => '2.0',
  'id' => 13989,
  'method' => 'CreateTransaction',
  'params' => 
  array (
    'account' => 
    array (
      'order_id' => '8962',
      'token' => '333',
    ),
    'amount' => 200000000,
    'id' => '61544db0ae53c166357249e3',
    'time' => 1632914864127,
  ),
)
29.09.2021 11:27:45 - array (
  'jsonrpc' => '2.0',
  'id' => 13990,
  'method' => 'CreateTransaction',
  'params' => 
  array (
    'account' => 
    array (
      'order_id' => '8962',
      'token' => '333',
    ),
    'amount' => 200000000,
    'id' => '61544db0ae53c166357249e3',
    'time' => 1632914864127,
  ),
)
29.09.2021 11:27:46 - array (
  'jsonrpc' => '2.0',
  'id' => 13991,
  'method' => 'CheckTransaction',
  'params' => 
  array (
    'id' => '61544db0ae53c166357249e3',
  ),
)
29.09.2021 11:27:48 - array (
  'jsonrpc' => '2.0',
  'id' => 13992,
  'method' => 'CreateTransaction',
  'params' => 
  array (
    'account' => 
    array (
      'order_id' => '8962',
      'token' => '333',
    ),
    'amount' => 200000000,
    'id' => '61544db2ae53c166357249e4',
    'time' => 1632914866400,
  ),
)
29.09.2021 11:27:53 - array (
  'jsonrpc' => '2.0',
  'id' => 13994,
  'method' => 'CancelTransaction',
  'params' => 
  array (
    'id' => '61544db0ae53c166357249e3',
    'reason' => 3,
  ),
)
29.09.2021 11:27:54 - array (
  'jsonrpc' => '2.0',
  'id' => 13995,
  'method' => 'CancelTransaction',
  'params' => 
  array (
    'id' => '61544db0ae53c166357249e3',
    'reason' => 3,
  ),
)
29.09.2021 11:27:54 - array (
  'jsonrpc' => '2.0',
  'id' => 13996,
  'method' => 'CheckTransaction',
  'params' => 
  array (
    'id' => '61544db0ae53c166357249e3',
  ),
)
29.09.2021 11:27:59 - array (
  'jsonrpc' => '2.0',
  'id' => 13997,
  'method' => 'CheckTransaction',
  'params' => 
  array (
    'id' => '61544db0ae53c166357249e3',
  ),
)
29.09.2021 19:42:09 - array (
  'jsonrpc' => '2.0',
  'id' => 50,
  'method' => 'CheckPerformTransaction',
  'params' => 
  array (
    'amount' => 200000000,
    'account' => 
    array (
      'order_id' => '8981',
    ),
  ),
)
29.09.2021 19:43:07 - array (
  'jsonrpc' => '2.0',
  'id' => 1058,
  'method' => 'CheckPerformTransaction',
  'params' => 
  array (
    'amount' => 200000000,
    'account' => 
    array (
      'order_id' => '8982',
    ),
  ),
)
29.09.2021 19:46:13 - array (
  'jsonrpc' => '2.0',
  'id' => 1075,
  'method' => 'CheckPerformTransaction',
  'params' => 
  array (
    'amount' => 50000,
    'account' => 
    array (
      'order_id' => '8983',
    ),
  ),
)
29.09.2021 19:47:48 - array (
  'jsonrpc' => '2.0',
  'id' => 1477,
  'method' => 'CreateTransaction',
  'params' => 
  array (
    'id' => '6154c285f62ea8d2edb1f493',
    'time' => 1632944867591,
    'amount' => 50000,
    'account' => 
    array (
      'order_id' => '8983',
    ),
  ),
)
29.09.2021 19:47:49 - array (
  'jsonrpc' => '2.0',
  'id' => 1478,
  'method' => 'PerformTransaction',
  'params' => 
  array (
    'id' => '6154c285f62ea8d2edb1f493',
  ),
)
29.09.2021 20:06:43 - array (
  'jsonrpc' => '2.0',
  'id' => 776,
  'method' => 'CheckPerformTransaction',
  'params' => 
  array (
    'amount' => 50000,
    'account' => 
    array (
      'order_id' => '8984',
    ),
  ),
)
29.09.2021 20:06:57 - array (
  'jsonrpc' => '2.0',
  'id' => 2733,
  'method' => 'CheckPerformTransaction',
  'params' => 
  array (
    'amount' => 100050000,
    'account' => 
    array (
      'order_id' => '8985',
    ),
  ),
)
14.10.2021 12:33:26 - array (
  'jsonrpc' => '2.0',
  'id' => 1784,
  'method' => 'CheckPerformTransaction',
  'params' => 
  array (
    'amount' => 100000,
    'account' => 
    array (
      'order_id' => '9278',
    ),
  ),
)
14.10.2021 12:35:44 - array (
  'jsonrpc' => '2.0',
  'id' => 2160,
  'method' => 'CheckPerformTransaction',
  'params' => 
  array (
    'amount' => 100000,
    'account' => 
    array (
      'order_id' => '9280',
    ),
  ),
)
17.10.2021 12:11:39 - array (
  'jsonrpc' => '2.0',
  'id' => 25883,
  'method' => 'CheckPerformTransaction',
  'params' => 
  array (
    'amount' => 100000,
    'account' => 
    array (
      'order_id' => '9500',
    ),
  ),
)
17.10.2021 12:12:14 - array (
  'jsonrpc' => '2.0',
  'id' => 5359,
  'method' => 'CreateTransaction',
  'params' => 
  array (
    'id' => '616c12fbf6dd75da0297fa4b',
    'time' => 1634472733706,
    'amount' => 100000,
    'account' => 
    array (
      'order_id' => '9500',
    ),
  ),
)
17.10.2021 12:12:15 - array (
  'jsonrpc' => '2.0',
  'id' => 5360,
  'method' => 'PerformTransaction',
  'params' => 
  array (
    'id' => '616c12fbf6dd75da0297fa4b',
  ),
)
17.10.2021 12:26:56 - array (
  'jsonrpc' => '2.0',
  'id' => 2319,
  'method' => 'CancelTransaction',
  'params' => 
  array (
    'id' => '616c12fbf6dd75da0297fa4b',
    'reason' => 5,
  ),
)
17.10.2021 17:20:05 - array (
  'jsonrpc' => '2.0',
  'id' => 6470,
  'method' => 'CheckPerformTransaction',
  'params' => 
  array (
    'amount' => 350000000,
    'account' => 
    array (
      'order_id' => '9563',
    ),
  ),
)
17.10.2021 17:21:10 - array (
  'jsonrpc' => '2.0',
  'id' => 30106,
  'method' => 'CheckPerformTransaction',
  'params' => 
  array (
    'amount' => 350000000,
    'account' => 
    array (
      'order_id' => '9564',
    ),
  ),
)
17.10.2021 17:36:27 - array (
  'jsonrpc' => '2.0',
  'id' => 30294,
  'method' => 'CheckPerformTransaction',
  'params' => 
  array (
    'amount' => 350000000,
    'account' => 
    array (
      'order_id' => '9565',
    ),
  ),
)
17.10.2021 18:28:28 - array (
  'jsonrpc' => '2.0',
  'id' => 30965,
  'method' => 'CheckPerformTransaction',
  'params' => 
  array (
    'amount' => 350000000,
    'account' => 
    array (
      'order_id' => '9570',
    ),
  ),
)
17.10.2021 18:34:38 - array (
  'jsonrpc' => '2.0',
  'id' => 31045,
  'method' => 'CheckPerformTransaction',
  'params' => 
  array (
    'amount' => 350000000,
    'account' => 
    array (
      'order_id' => '9574',
    ),
  ),
)
17.10.2021 18:35:53 - array (
  'jsonrpc' => '2.0',
  'id' => 9642,
  'method' => 'CreateTransaction',
  'params' => 
  array (
    'id' => '616c6cbef6dd75da029babb5',
    'time' => 1634495752722,
    'amount' => 350000000,
    'account' => 
    array (
      'order_id' => '9574',
    ),
  ),
)
17.10.2021 18:35:54 - array (
  'jsonrpc' => '2.0',
  'id' => 9643,
  'method' => 'PerformTransaction',
  'params' => 
  array (
    'id' => '616c6cbef6dd75da029babb5',
  ),
)
17.10.2021 19:03:07 - array (
  'jsonrpc' => '2.0',
  'id' => 31445,
  'method' => 'CheckPerformTransaction',
  'params' => 
  array (
    'amount' => 350000000,
    'account' => 
    array (
      'order_id' => '9575',
    ),
  ),
)
17.10.2021 19:15:15 - array (
  'jsonrpc' => '2.0',
  'id' => 10998,
  'method' => 'CheckPerformTransaction',
  'params' => 
  array (
    'amount' => 350000000,
    'account' => 
    array (
      'order_id' => '9576',
    ),
  ),
)
17.10.2021 20:07:32 - array (
  'jsonrpc' => '2.0',
  'id' => 32268,
  'method' => 'CheckPerformTransaction',
  'params' => 
  array (
    'amount' => 350000000,
    'account' => 
    array (
      'order_id' => '9579',
    ),
  ),
)
18.10.2021 05:38:22 - array (
  'jsonrpc' => '2.0',
  'id' => 51,
  'method' => 'CheckPerformTransaction',
  'params' => 
  array (
    'amount' => 350000000,
    'account' => 
    array (
      'order_id' => '9581',
    ),
  ),
)
18.10.2021 05:38:34 - array (
  'jsonrpc' => '2.0',
  'id' => 35,
  'method' => 'CheckPerformTransaction',
  'params' => 
  array (
    'amount' => 350000000,
    'account' => 
    array (
      'order_id' => '9582',
    ),
  ),
)
18.10.2021 05:38:41 - array (
  'jsonrpc' => '2.0',
  'id' => 32,
  'method' => 'CheckPerformTransaction',
  'params' => 
  array (
    'amount' => 350000000,
    'account' => 
    array (
      'order_id' => '9584',
    ),
  ),
)
18.10.2021 05:38:48 - array (
  'jsonrpc' => '2.0',
  'id' => 89,
  'method' => 'CheckPerformTransaction',
  'params' => 
  array (
    'amount' => 350000000,
    'account' => 
    array (
      'order_id' => '9586',
    ),
  ),
)
18.10.2021 05:44:33 - array (
  'jsonrpc' => '2.0',
  'id' => 41,
  'method' => 'CheckPerformTransaction',
  'params' => 
  array (
    'amount' => 350000000,
    'account' => 
    array (
      'order_id' => '9589',
    ),
  ),
)
18.10.2021 06:39:45 - array (
  'jsonrpc' => '2.0',
  'id' => 99,
  'method' => 'CheckPerformTransaction',
  'params' => 
  array (
    'amount' => 350000000,
    'account' => 
    array (
      'order_id' => '9590',
    ),
  ),
)
18.10.2021 13:00:36 - array (
  'jsonrpc' => '2.0',
  'id' => 1982,
  'method' => 'CheckPerformTransaction',
  'params' => 
  array (
    'amount' => 350000000,
    'account' => 
    array (
      'order_id' => '9598',
    ),
  ),
)
18.10.2021 15:51:42 - array (
  'jsonrpc' => '2.0',
  'id' => 1146,
  'method' => 'CheckPerformTransaction',
  'params' => 
  array (
    'amount' => 350000000,
    'account' => 
    array (
      'order_id' => '9599',
    ),
  ),
)
18.10.2021 18:14:01 - array (
  'jsonrpc' => '2.0',
  'id' => 1526,
  'method' => 'CheckPerformTransaction',
  'params' => 
  array (
    'amount' => 350000000,
    'account' => 
    array (
      'order_id' => '9603',
    ),
  ),
)
18.10.2021 20:43:37 - array (
  'jsonrpc' => '2.0',
  'id' => 2936,
  'method' => 'CheckPerformTransaction',
  'params' => 
  array (
    'amount' => 350000000,
    'account' => 
    array (
      'order_id' => '9608',
    ),
  ),
)
19.10.2021 06:35:57 - array (
  'jsonrpc' => '2.0',
  'id' => 171,
  'method' => 'CheckPerformTransaction',
  'params' => 
  array (
    'amount' => 350000000,
    'account' => 
    array (
      'order_id' => '9610',
    ),
  ),
)
19.10.2021 10:43:36 - array (
  'jsonrpc' => '2.0',
  'id' => 1117,
  'method' => 'CheckPerformTransaction',
  'params' => 
  array (
    'amount' => 350000000,
    'account' => 
    array (
      'order_id' => '9612',
    ),
  ),
)
20.10.2021 16:04:56 - array (
  'jsonrpc' => '2.0',
  'id' => 420,
  'method' => 'CheckPerformTransaction',
  'params' => 
  array (
    'amount' => 350000000,
    'account' => 
    array (
      'order_id' => '9617',
    ),
  ),
)
20.10.2021 16:06:00 - array (
  'jsonrpc' => '2.0',
  'id' => 1068,
  'method' => 'CheckPerformTransaction',
  'params' => 
  array (
    'amount' => 350000000,
    'account' => 
    array (
      'order_id' => '9619',
    ),
  ),
)
20.10.2021 17:45:13 - array (
  'jsonrpc' => '2.0',
  'id' => 2222,
  'method' => 'CheckPerformTransaction',
  'params' => 
  array (
    'amount' => 350000000,
    'account' => 
    array (
      'order_id' => '9620',
    ),
  ),
)
24.10.2021 10:47:17 - array (
  'jsonrpc' => '2.0',
  'id' => 13901,
  'method' => 'CheckPerformTransaction',
  'params' => 
  array (
    'amount' => 350000000,
    'account' => 
    array (
      'order_id' => '9629',
    ),
  ),
)
31.10.2021 16:09:56 - array (
  'jsonrpc' => '2.0',
  'id' => 199,
  'method' => 'CheckPerformTransaction',
  'params' => 
  array (
    'amount' => 350000000,
    'account' => 
    array (
      'order_id' => '9642',
    ),
  ),
)
04.11.2021 14:52:10 - array (
  'jsonrpc' => '2.0',
  'id' => 7635,
  'method' => 'CheckPerformTransaction',
  'params' => 
  array (
    'amount' => 350000000,
    'account' => 
    array (
      'order_id' => '9646',
    ),
  ),
)
15.11.2021 12:41:11 - array (
  'jsonrpc' => '2.0',
  'id' => 1376,
  'method' => 'CheckPerformTransaction',
  'params' => 
  array (
    'amount' => 350000000,
    'account' => 
    array (
      'order_id' => '9647',
    ),
  ),
)
20.11.2021 03:47:09 - array (
  'jsonrpc' => '2.0',
  'id' => 21185,
  'method' => 'CheckPerformTransaction',
  'params' => 
  array (
    'amount' => 350000000,
    'account' => 
    array (
      'order_id' => '9649',
    ),
  ),
)
05.12.2021 17:26:15 - array (
  'jsonrpc' => '2.0',
  'id' => 3327,
  'method' => 'CheckPerformTransaction',
  'params' => 
  array (
    'amount' => 100000,
    'account' => 
    array (
      'order_id' => '9332',
    ),
  ),
)
07.12.2021 08:49:32 - array (
  'jsonrpc' => '2.0',
  'id' => 8210,
  'method' => 'CheckPerformTransaction',
  'params' => 
  array (
    'amount' => 350000000,
    'account' => 
    array (
      'order_id' => '9666',
    ),
  ),
)
08.12.2021 06:19:32 - array (
  'jsonrpc' => '2.0',
  'id' => 5,
  'method' => 'CheckPerformTransaction',
  'params' => 
  array (
    'amount' => 350000000,
    'account' => 
    array (
      'order_id' => '9673',
    ),
  ),
)
09.12.2021 18:54:10 - array (
  'jsonrpc' => '2.0',
  'id' => 7442,
  'method' => 'CheckPerformTransaction',
  'params' => 
  array (
    'amount' => 150000000,
    'account' => 
    array (
      'order_id' => '9685',
    ),
  ),
)
10.12.2021 02:20:10 - array (
  'jsonrpc' => '2.0',
  'id' => 24644,
  'method' => 'CheckPerformTransaction',
  'params' => 
  array (
    'amount' => 350000000,
    'account' => 
    array (
      'order_id' => '9686',
    ),
  ),
)
10.12.2021 02:20:20 - array (
  'jsonrpc' => '2.0',
  'id' => 11217,
  'method' => 'CheckPerformTransaction',
  'params' => 
  array (
    'amount' => 350000000,
    'account' => 
    array (
      'order_id' => '9688',
    ),
  ),
)
10.12.2021 02:29:03 - array (
  'jsonrpc' => '2.0',
  'id' => 24693,
  'method' => 'CheckPerformTransaction',
  'params' => 
  array (
    'amount' => 350000000,
    'account' => 
    array (
      'order_id' => '9689',
    ),
  ),
)
10.12.2021 02:30:51 - array (
  'jsonrpc' => '2.0',
  'id' => 20561,
  'method' => 'CheckPerformTransaction',
  'params' => 
  array (
    'amount' => 350000000,
    'account' => 
    array (
      'order_id' => '9690',
    ),
  ),
)
10.12.2021 02:31:19 - array (
  'jsonrpc' => '2.0',
  'id' => 5460,
  'method' => 'CheckPerformTransaction',
  'params' => 
  array (
    'amount' => 350000000,
    'account' => 
    array (
      'order_id' => '9691',
    ),
  ),
)
10.12.2021 02:31:30 - array (
  'jsonrpc' => '2.0',
  'id' => 6838,
  'method' => 'CheckPerformTransaction',
  'params' => 
  array (
    'amount' => 350000000,
    'account' => 
    array (
      'order_id' => '9692',
    ),
  ),
)
10.12.2021 06:11:25 - array (
  'jsonrpc' => '2.0',
  'id' => 22048,
  'method' => 'CheckPerformTransaction',
  'params' => 
  array (
    'amount' => 150000000,
    'account' => 
    array (
      'order_id' => '9701',
    ),
  ),
)
10.12.2021 06:12:08 - array (
  'jsonrpc' => '2.0',
  'id' => 11286,
  'method' => 'CheckPerformTransaction',
  'params' => 
  array (
    'amount' => 150000000,
    'account' => 
    array (
      'order_id' => '9702',
    ),
  ),
)
10.12.2021 06:13:29 - array (
  'jsonrpc' => '2.0',
  'id' => 7857,
  'method' => 'CheckPerformTransaction',
  'params' => 
  array (
    'amount' => 190000000,
    'account' => 
    array (
      'order_id' => '9703',
    ),
  ),
)
10.12.2021 06:13:43 - array (
  'jsonrpc' => '2.0',
  'id' => 7858,
  'method' => 'CheckPerformTransaction',
  'params' => 
  array (
    'amount' => 150000000,
    'account' => 
    array (
      'order_id' => '9704',
    ),
  ),
)
10.12.2021 06:13:57 - array (
  'jsonrpc' => '2.0',
  'id' => 17030,
  'method' => 'CheckPerformTransaction',
  'params' => 
  array (
    'amount' => 350000000,
    'account' => 
    array (
      'order_id' => '9705',
    ),
  ),
)
10.12.2021 08:53:14 - array (
  'jsonrpc' => '2.0',
  'id' => 29204,
  'method' => 'CheckPerformTransaction',
  'params' => 
  array (
    'amount' => 150000000,
    'account' => 
    array (
      'order_id' => '9706',
    ),
  ),
)
10.12.2021 10:15:52 - array (
  'jsonrpc' => '2.0',
  'id' => 24880,
  'method' => 'CheckPerformTransaction',
  'params' => 
  array (
    'amount' => 150000000,
    'account' => 
    array (
      'order_id' => '9707',
    ),
  ),
)
10.12.2021 17:13:06 - array (
  'jsonrpc' => '2.0',
  'id' => 1500,
  'method' => 'CheckPerformTransaction',
  'params' => 
  array (
    'amount' => 150000000,
    'account' => 
    array (
      'order_id' => '9346',
    ),
  ),
)
10.12.2021 17:26:40 - array (
  'jsonrpc' => '2.0',
  'id' => 711,
  'method' => 'CheckPerformTransaction',
  'params' => 
  array (
    'amount' => 150000000,
    'account' => 
    array (
      'order_id' => '9348',
    ),
  ),
)
10.12.2021 18:54:58 - array (
  'jsonrpc' => '2.0',
  'id' => 2659,
  'method' => 'CheckPerformTransaction',
  'params' => 
  array (
    'amount' => 150000000,
    'account' => 
    array (
      'order_id' => '9708',
    ),
  ),
)
13.12.2021 02:29:48 - array (
  'jsonrpc' => '2.0',
  'id' => 689,
  'method' => 'CheckPerformTransaction',
  'params' => 
  array (
    'amount' => 350000000,
    'account' => 
    array (
      'order_id' => '9709',
    ),
  ),
)
13.12.2021 02:43:49 - array (
  'jsonrpc' => '2.0',
  'id' => 1974,
  'method' => 'CheckPerformTransaction',
  'params' => 
  array (
    'amount' => 190000000,
    'account' => 
    array (
      'order_id' => '9710',
    ),
  ),
)
13.12.2021 08:34:31 - array (
  'jsonrpc' => '2.0',
  'id' => 426,
  'method' => 'CheckPerformTransaction',
  'params' => 
  array (
    'amount' => 150000000,
    'account' => 
    array (
      'order_id' => '9711',
    ),
  ),
)
13.12.2021 08:37:01 - array (
  'jsonrpc' => '2.0',
  'id' => 308,
  'method' => 'CreateTransaction',
  'params' => 
  array (
    'id' => '61b705970cffdb7102a40eb8',
    'time' => 1639384620489,
    'amount' => 150000000,
    'account' => 
    array (
      'order_id' => '9711',
    ),
  ),
)
13.12.2021 08:37:02 - array (
  'jsonrpc' => '2.0',
  'id' => 309,
  'method' => 'PerformTransaction',
  'params' => 
  array (
    'id' => '61b705970cffdb7102a40eb8',
  ),
)
13.12.2021 08:39:51 - array (
  'jsonrpc' => '2.0',
  'id' => 260,
  'method' => 'CheckPerformTransaction',
  'params' => 
  array (
    'amount' => 190000000,
    'account' => 
    array (
      'order_id' => '9712',
    ),
  ),
)
13.12.2021 08:40:30 - array (
  'jsonrpc' => '2.0',
  'id' => 260,
  'method' => 'CreateTransaction',
  'params' => 
  array (
    'id' => '61b706d7001a371f0247b543',
    'time' => 1639384830266,
    'amount' => 190000000,
    'account' => 
    array (
      'order_id' => '9712',
    ),
  ),
)
13.12.2021 08:40:31 - array (
  'jsonrpc' => '2.0',
  'id' => 261,
  'method' => 'PerformTransaction',
  'params' => 
  array (
    'id' => '61b706d7001a371f0247b543',
  ),
)
13.12.2021 10:36:25 - array (
  'jsonrpc' => '2.0',
  'id' => 1137,
  'method' => 'CheckPerformTransaction',
  'params' => 
  array (
    'amount' => 150000000,
    'account' => 
    array (
      'order_id' => '9714',
    ),
  ),
)
13.12.2021 10:36:48 - array (
  'jsonrpc' => '2.0',
  'id' => 993,
  'method' => 'CheckPerformTransaction',
  'params' => 
  array (
    'amount' => 190000000,
    'account' => 
    array (
      'order_id' => '9715',
    ),
  ),
)
14.12.2021 03:04:08 - array (
  'jsonrpc' => '2.0',
  'id' => 5003,
  'method' => 'CheckPerformTransaction',
  'params' => 
  array (
    'amount' => 150000000,
    'account' => 
    array (
      'order_id' => '9716',
    ),
  ),
)
14.12.2021 03:36:39 - array (
  'jsonrpc' => '2.0',
  'id' => 5516,
  'method' => 'CheckPerformTransaction',
  'params' => 
  array (
    'amount' => 150000000,
    'account' => 
    array (
      'order_id' => '9717',
    ),
  ),
)
14.12.2021 04:03:35 - array (
  'jsonrpc' => '2.0',
  'id' => 4304,
  'method' => 'CheckPerformTransaction',
  'params' => 
  array (
    'amount' => 150000000,
    'account' => 
    array (
      'order_id' => '9718',
    ),
  ),
)
14.12.2021 04:03:50 - array (
  'jsonrpc' => '2.0',
  'id' => 2873,
  'method' => 'CheckPerformTransaction',
  'params' => 
  array (
    'amount' => 350000000,
    'account' => 
    array (
      'order_id' => '9719',
    ),
  ),
)
14.12.2021 04:14:00 - array (
  'jsonrpc' => '2.0',
  'id' => 2908,
  'method' => 'CheckPerformTransaction',
  'params' => 
  array (
    'amount' => 350000000,
    'account' => 
    array (
      'order_id' => '9720',
    ),
  ),
)
14.12.2021 04:50:28 - array (
  'jsonrpc' => '2.0',
  'id' => 4499,
  'method' => 'CheckPerformTransaction',
  'params' => 
  array (
    'amount' => 150000000,
    'account' => 
    array (
      'order_id' => '9721',
    ),
  ),
)
14.12.2021 06:11:26 - array (
  'jsonrpc' => '2.0',
  'id' => 1046,
  'method' => 'CheckPerformTransaction',
  'params' => 
  array (
    'amount' => 150000000,
    'account' => 
    array (
      'order_id' => '9722',
    ),
  ),
)
14.12.2021 06:14:32 - array (
  'jsonrpc' => '2.0',
  'id' => 1780,
  'method' => 'CheckPerformTransaction',
  'params' => 
  array (
    'amount' => 150000000,
    'account' => 
    array (
      'order_id' => '9723',
    ),
  ),
)
14.12.2021 06:14:58 - array (
  'jsonrpc' => '2.0',
  'id' => 4363,
  'method' => 'CheckPerformTransaction',
  'params' => 
  array (
    'amount' => 190000000,
    'account' => 
    array (
      'order_id' => '9725',
    ),
  ),
)
14.12.2021 07:02:02 - array (
  'jsonrpc' => '2.0',
  'id' => 5452,
  'method' => 'CheckPerformTransaction',
  'params' => 
  array (
    'amount' => 150000000,
    'account' => 
    array (
      'order_id' => '9727',
    ),
  ),
)
14.12.2021 08:07:36 - array (
  'jsonrpc' => '2.0',
  'id' => 1739,
  'method' => 'CheckPerformTransaction',
  'params' => 
  array (
    'amount' => 150000000,
    'account' => 
    array (
      'order_id' => '9729',
    ),
  ),
)
17.12.2021 04:56:05 - array (
  'jsonrpc' => '2.0',
  'id' => 3276,
  'method' => 'CheckPerformTransaction',
  'params' => 
  array (
    'amount' => 150000000,
    'account' => 
    array (
      'order_id' => '9730',
    ),
  ),
)
17.12.2021 04:56:34 - array (
  'jsonrpc' => '2.0',
  'id' => 12763,
  'method' => 'CheckPerformTransaction',
  'params' => 
  array (
    'amount' => 190000000,
    'account' => 
    array (
      'order_id' => '9731',
    ),
  ),
)
17.12.2021 05:48:25 - array (
  'jsonrpc' => '2.0',
  'id' => 6012,
  'method' => 'CheckPerformTransaction',
  'params' => 
  array (
    'amount' => 150000000,
    'account' => 
    array (
      'order_id' => '9732',
    ),
  ),
)
17.12.2021 05:48:40 - array (
  'jsonrpc' => '2.0',
  'id' => 2082,
  'method' => 'CheckPerformTransaction',
  'params' => 
  array (
    'amount' => 190000000,
    'account' => 
    array (
      'order_id' => '9733',
    ),
  ),
)
17.12.2021 05:49:01 - array (
  'jsonrpc' => '2.0',
  'id' => 3745,
  'method' => 'CheckPerformTransaction',
  'params' => 
  array (
    'amount' => 150000000,
    'account' => 
    array (
      'order_id' => '9734',
    ),
  ),
)
17.12.2021 05:49:17 - array (
  'jsonrpc' => '2.0',
  'id' => 2211,
  'method' => 'CheckPerformTransaction',
  'params' => 
  array (
    'amount' => 190000000,
    'account' => 
    array (
      'order_id' => '9735',
    ),
  ),
)
17.12.2021 05:50:07 - array (
  'jsonrpc' => '2.0',
  'id' => 3931,
  'method' => 'CheckPerformTransaction',
  'params' => 
  array (
    'amount' => 190000000,
    'account' => 
    array (
      'order_id' => '9736',
    ),
  ),
)
18.12.2021 08:54:33 - array (
  'jsonrpc' => '2.0',
  'id' => 2759,
  'method' => 'CheckPerformTransaction',
  'params' => 
  array (
    'amount' => 150000000,
    'account' => 
    array (
      'order_id' => '9367',
    ),
  ),
)
18.12.2021 09:02:54 - array (
  'jsonrpc' => '2.0',
  'id' => 1032,
  'method' => 'CheckPerformTransaction',
  'params' => 
  array (
    'amount' => 150000000,
    'account' => 
    array (
      'order_id' => '9737',
    ),
  ),
)
18.12.2021 09:11:06 - array (
  'jsonrpc' => '2.0',
  'id' => 1592,
  'method' => 'CheckPerformTransaction',
  'params' => 
  array (
    'amount' => 150000000,
    'account' => 
    array (
      'order_id' => '9368',
    ),
  ),
)
18.12.2021 10:33:07 - array (
  'jsonrpc' => '2.0',
  'id' => 1024,
  'method' => 'CheckPerformTransaction',
  'params' => 
  array (
    'amount' => 350000000,
    'account' => 
    array (
      'order_id' => '9741',
    ),
  ),
)
18.12.2021 12:19:02 - array (
  'jsonrpc' => '2.0',
  'id' => 2219,
  'method' => 'CheckPerformTransaction',
  'params' => 
  array (
    'amount' => 190000000,
    'account' => 
    array (
      'order_id' => '9742',
    ),
  ),
)
18.12.2021 12:32:54 - array (
  'jsonrpc' => '2.0',
  'id' => 2025,
  'method' => 'CheckPerformTransaction',
  'params' => 
  array (
    'amount' => 150000000,
    'account' => 
    array (
      'order_id' => '9743',
    ),
  ),
)
18.12.2021 12:33:56 - array (
  'jsonrpc' => '2.0',
  'id' => 1218,
  'method' => 'CheckPerformTransaction',
  'params' => 
  array (
    'amount' => 190000000,
    'account' => 
    array (
      'order_id' => '9747',
    ),
  ),
)
18.12.2021 12:34:05 - array (
  'jsonrpc' => '2.0',
  'id' => 1230,
  'method' => 'CheckPerformTransaction',
  'params' => 
  array (
    'amount' => 150000000,
    'account' => 
    array (
      'order_id' => '9748',
    ),
  ),
)
18.12.2021 13:34:15 - array (
  'jsonrpc' => '2.0',
  'id' => 2457,
  'method' => 'CheckPerformTransaction',
  'params' => 
  array (
    'amount' => 150000000,
    'account' => 
    array (
      'order_id' => '9750',
    ),
  ),
)
18.12.2021 14:12:18 - array (
  'jsonrpc' => '2.0',
  'id' => 2033,
  'method' => 'CheckPerformTransaction',
  'params' => 
  array (
    'amount' => 150000000,
    'account' => 
    array (
      'order_id' => '9751',
    ),
  ),
)
18.12.2021 14:14:06 - array (
  'jsonrpc' => '2.0',
  'id' => 1616,
  'method' => 'CheckPerformTransaction',
  'params' => 
  array (
    'amount' => 150000000,
    'account' => 
    array (
      'order_id' => '9752',
    ),
  ),
)
18.12.2021 14:17:54 - array (
  'jsonrpc' => '2.0',
  'id' => 1109,
  'method' => 'CheckPerformTransaction',
  'params' => 
  array (
    'amount' => 150000000,
    'account' => 
    array (
      'order_id' => '9369',
    ),
  ),
)
18.12.2021 14:26:01 - array (
  'jsonrpc' => '2.0',
  'id' => 1739,
  'method' => 'CheckPerformTransaction',
  'params' => 
  array (
    'amount' => 150000000,
    'account' => 
    array (
      'order_id' => '9370',
    ),
  ),
)
18.12.2021 14:34:31 - array (
  'jsonrpc' => '2.0',
  'id' => 1726,
  'method' => 'CheckPerformTransaction',
  'params' => 
  array (
    'amount' => 150000000,
    'account' => 
    array (
      'order_id' => '9372',
    ),
  ),
)
18.12.2021 14:39:27 - array (
  'jsonrpc' => '2.0',
  'id' => 4453,
  'method' => 'CheckPerformTransaction',
  'params' => 
  array (
    'amount' => 150000000,
    'account' => 
    array (
      'order_id' => '9753',
    ),
  ),
)
18.12.2021 14:42:07 - array (
  'jsonrpc' => '2.0',
  'id' => 2187,
  'method' => 'CheckPerformTransaction',
  'params' => 
  array (
    'amount' => 150000000,
    'account' => 
    array (
      'order_id' => '9754',
    ),
  ),
)
18.12.2021 14:42:55 - array (
  'jsonrpc' => '2.0',
  'id' => 1390,
  'method' => 'CheckPerformTransaction',
  'params' => 
  array (
    'amount' => 150000000,
    'account' => 
    array (
      'order_id' => '9755',
    ),
  ),
)
18.12.2021 14:46:08 - array (
  'jsonrpc' => '2.0',
  'id' => 4485,
  'method' => 'CheckPerformTransaction',
  'params' => 
  array (
    'amount' => 150000000,
    'account' => 
    array (
      'order_id' => '9756',
    ),
  ),
)
18.12.2021 14:48:14 - array (
  'jsonrpc' => '2.0',
  'id' => 1830,
  'method' => 'CheckPerformTransaction',
  'params' => 
  array (
    'amount' => 150000000,
    'account' => 
    array (
      'order_id' => '9757',
    ),
  ),
)
20.12.2021 08:47:09 - array (
  'jsonrpc' => '2.0',
  'id' => 375,
  'method' => 'CheckPerformTransaction',
  'params' => 
  array (
    'amount' => 190000000,
    'account' => 
    array (
      'order_id' => '9760',
    ),
  ),
)
20.12.2021 10:53:16 - array (
  'jsonrpc' => '2.0',
  'id' => 1062,
  'method' => 'CheckPerformTransaction',
  'params' => 
  array (
    'amount' => 190000000,
    'account' => 
    array (
      'order_id' => '9765',
    ),
  ),
)
21.12.2021 04:37:35 - array (
  'jsonrpc' => '2.0',
  'id' => 2109,
  'method' => 'CheckPerformTransaction',
  'params' => 
  array (
    'amount' => 150000000,
    'account' => 
    array (
      'order_id' => '9768',
    ),
  ),
)
21.12.2021 04:37:41 - array (
  'jsonrpc' => '2.0',
  'id' => 1105,
  'method' => 'CheckPerformTransaction',
  'params' => 
  array (
    'amount' => 190000000,
    'account' => 
    array (
      'order_id' => '9769',
    ),
  ),
)
21.12.2021 04:37:51 - array (
  'jsonrpc' => '2.0',
  'id' => 1519,
  'method' => 'CheckPerformTransaction',
  'params' => 
  array (
    'amount' => 150000000,
    'account' => 
    array (
      'order_id' => '9770',
    ),
  ),
)
21.12.2021 04:39:27 - array (
  'jsonrpc' => '2.0',
  'id' => 1523,
  'method' => 'CheckPerformTransaction',
  'params' => 
  array (
    'amount' => 350000000,
    'account' => 
    array (
      'order_id' => '9772',
    ),
  ),
)
21.12.2021 04:43:17 - array (
  'jsonrpc' => '2.0',
  'id' => 2648,
  'method' => 'CheckPerformTransaction',
  'params' => 
  array (
    'amount' => 190000000,
    'account' => 
    array (
      'order_id' => '9774',
    ),
  ),
)
21.12.2021 04:45:01 - array (
  'jsonrpc' => '2.0',
  'id' => 922,
  'method' => 'CheckPerformTransaction',
  'params' => 
  array (
    'amount' => 150000000,
    'account' => 
    array (
      'order_id' => '9775',
    ),
  ),
)
22.12.2021 03:43:53 - array (
  'jsonrpc' => '2.0',
  'id' => 1272,
  'method' => 'CheckPerformTransaction',
  'params' => 
  array (
    'amount' => 150000000,
    'account' => 
    array (
      'order_id' => '9779',
    ),
  ),
)
22.12.2021 03:48:46 - array (
  'jsonrpc' => '2.0',
  'id' => 1611,
  'method' => 'CheckPerformTransaction',
  'params' => 
  array (
    'amount' => 190000000,
    'account' => 
    array (
      'order_id' => '9780',
    ),
  ),
)
22.12.2021 03:50:27 - array (
  'jsonrpc' => '2.0',
  'id' => 429,
  'method' => 'CheckPerformTransaction',
  'params' => 
  array (
    'amount' => 150000000,
    'account' => 
    array (
      'order_id' => '9781',
    ),
  ),
)
29.12.2021 16:45:37 - array (
  'jsonrpc' => '2.0',
  'id' => 826,
  'method' => 'CheckPerformTransaction',
  'params' => 
  array (
    'amount' => 150000000,
    'account' => 
    array (
      'order_id' => '9784',
    ),
  ),
)
30.12.2021 07:34:33 - array (
  'jsonrpc' => '2.0',
  'id' => 1345,
  'method' => 'CheckPerformTransaction',
  'params' => 
  array (
    'amount' => 150000000,
    'account' => 
    array (
      'order_id' => '9786',
    ),
  ),
)
30.12.2021 09:35:21 - array (
  'jsonrpc' => '2.0',
  'id' => 2717,
  'method' => 'CheckPerformTransaction',
  'params' => 
  array (
    'amount' => 150000000,
    'account' => 
    array (
      'order_id' => '9788',
    ),
  ),
)
06.01.2022 16:26:40 - array (
  'jsonrpc' => '2.0',
  'id' => 3058,
  'method' => 'CheckPerformTransaction',
  'params' => 
  array (
    'amount' => 150000000,
    'account' => 
    array (
      'order_id' => '9792',
    ),
  ),
)
06.01.2022 17:27:13 - array (
  'jsonrpc' => '2.0',
  'id' => 2824,
  'method' => 'CheckPerformTransaction',
  'params' => 
  array (
    'amount' => 150000000,
    'account' => 
    array (
      'order_id' => '9793',
    ),
  ),
)
07.01.2022 19:52:42 - array (
  'jsonrpc' => '2.0',
  'id' => 2019,
  'method' => 'CheckPerformTransaction',
  'params' => 
  array (
    'amount' => 150000000,
    'account' => 
    array (
      'order_id' => '9794',
    ),
  ),
)
14.01.2022 13:26:11 - array (
  'jsonrpc' => '2.0',
  'id' => 512,
  'method' => 'CheckPerformTransaction',
  'params' => 
  array (
    'amount' => 190000000,
    'account' => 
    array (
      'order_id' => '9802',
    ),
  ),
)
31.01.2022 06:07:48 - array (
  'jsonrpc' => '2.0',
  'id' => 3709,
  'method' => 'CheckPerformTransaction',
  'params' => 
  array (
    'amount' => 150000000,
    'account' => 
    array (
      'order_id' => '9808',
    ),
  ),
)
09.02.2022 10:51:20 - array (
  'jsonrpc' => '2.0',
  'id' => 20116,
  'method' => 'CheckPerformTransaction',
  'params' => 
  array (
    'amount' => 350000000,
    'account' => 
    array (
      'order_id' => '9809',
    ),
  ),
)
09.02.2022 10:51:29 - array (
  'jsonrpc' => '2.0',
  'id' => 6958,
  'method' => 'CheckPerformTransaction',
  'params' => 
  array (
    'amount' => 190000000,
    'account' => 
    array (
      'order_id' => '9810',
    ),
  ),
)
09.02.2022 10:51:45 - array (
  'jsonrpc' => '2.0',
  'id' => 3469,
  'method' => 'CheckPerformTransaction',
  'params' => 
  array (
    'amount' => 150000000,
    'account' => 
    array (
      'order_id' => '9811',
    ),
  ),
)
09.02.2022 10:53:24 - array (
  'jsonrpc' => '2.0',
  'id' => 2748,
  'method' => 'CheckPerformTransaction',
  'params' => 
  array (
    'amount' => 150000000,
    'account' => 
    array (
      'order_id' => '9812',
    ),
  ),
)
12.02.2022 15:21:55 - array (
  'jsonrpc' => '2.0',
  'id' => 7803,
  'method' => 'CheckPerformTransaction',
  'params' => 
  array (
    'amount' => 150000000,
    'account' => 
    array (
      'order_id' => '9815',
    ),
  ),
)
13.02.2022 08:04:26 - array (
  'jsonrpc' => '2.0',
  'id' => 13020,
  'method' => 'CheckPerformTransaction',
  'params' => 
  array (
    'amount' => 150000000,
    'account' => 
    array (
      'order_id' => '9817',
    ),
  ),
)
13.02.2022 08:04:45 - array (
  'jsonrpc' => '2.0',
  'id' => 16441,
  'method' => 'CheckPerformTransaction',
  'params' => 
  array (
    'amount' => 150000000,
    'account' => 
    array (
      'order_id' => '9818',
    ),
  ),
)
13.02.2022 08:05:05 - array (
  'jsonrpc' => '2.0',
  'id' => 4948,
  'method' => 'CheckPerformTransaction',
  'params' => 
  array (
    'amount' => 150000000,
    'account' => 
    array (
      'order_id' => '9819',
    ),
  ),
)
14.02.2022 09:52:17 - array (
  'jsonrpc' => '2.0',
  'id' => 759,
  'method' => 'CheckPerformTransaction',
  'params' => 
  array (
    'amount' => 150000000,
    'account' => 
    array (
      'order_id' => '9823',
    ),
  ),
)
16.02.2022 14:41:27 - array (
  'jsonrpc' => '2.0',
  'id' => 853,
  'method' => 'CheckPerformTransaction',
  'params' => 
  array (
    'amount' => 150000000,
    'account' => 
    array (
      'order_id' => '9831',
    ),
  ),
)
17.02.2022 03:54:25 - array (
  'jsonrpc' => '2.0',
  'id' => 5000,
  'method' => 'CheckPerformTransaction',
  'params' => 
  array (
    'amount' => 150000000,
    'account' => 
    array (
      'order_id' => '9839',
    ),
  ),
)
26.02.2022 06:48:36 - array (
  'jsonrpc' => '2.0',
  'id' => 1083,
  'method' => 'CheckPerformTransaction',
  'params' => 
  array (
    'amount' => 150000000,
    'account' => 
    array (
      'order_id' => '9843',
    ),
  ),
)
02.03.2022 09:04:58 - array (
  'jsonrpc' => '2.0',
  'id' => 8101,
  'method' => 'CheckPerformTransaction',
  'params' => 
  array (
    'amount' => 150000000,
    'account' => 
    array (
      'order_id' => '9844',
    ),
  ),
)
02.03.2022 09:05:48 - array (
  'jsonrpc' => '2.0',
  'id' => 2101,
  'method' => 'CreateTransaction',
  'params' => 
  array (
    'id' => '621f333a7bdd102e47b4ed07',
    'time' => 1646211947807,
    'amount' => 150000000,
    'account' => 
    array (
      'order_id' => '9844',
    ),
  ),
)
02.03.2022 09:05:49 - array (
  'jsonrpc' => '2.0',
  'id' => 2102,
  'method' => 'PerformTransaction',
  'params' => 
  array (
    'id' => '621f333a7bdd102e47b4ed07',
  ),
)
08.03.2022 14:10:15 - array (
  'jsonrpc' => '2.0',
  'id' => 22257,
  'method' => 'CheckPerformTransaction',
  'params' => 
  array (
    'amount' => 150000000,
    'account' => 
    array (
      'order_id' => '9847',
    ),
  ),
)
10.03.2022 10:01:22 - array (
  'jsonrpc' => '2.0',
  'id' => 4829,
  'method' => 'CheckPerformTransaction',
  'params' => 
  array (
    'amount' => 150000000,
    'account' => 
    array (
      'order_id' => '9848',
    ),
  ),
)
10.03.2022 10:16:16 - array (
  'jsonrpc' => '2.0',
  'id' => 3774,
  'method' => 'CheckPerformTransaction',
  'params' => 
  array (
    'amount' => 150000000,
    'account' => 
    array (
      'order_id' => '9849',
    ),
  ),
)
10.03.2022 10:40:52 - array (
  'jsonrpc' => '2.0',
  'id' => 4962,
  'method' => 'CreateTransaction',
  'params' => 
  array (
    'id' => '6229cc7261e6f4c415c668cd',
    'time' => 1646908851381,
    'amount' => 150000000,
    'account' => 
    array (
      'order_id' => '9848',
    ),
  ),
)
10.03.2022 10:40:53 - array (
  'jsonrpc' => '2.0',
  'id' => 4963,
  'method' => 'PerformTransaction',
  'params' => 
  array (
    'id' => '6229cc7261e6f4c415c668cd',
  ),
)
11.03.2022 05:15:16 - array (
  'jsonrpc' => '2.0',
  'id' => 9274,
  'method' => 'CheckPerformTransaction',
  'params' => 
  array (
    'amount' => 150000000,
    'account' => 
    array (
      'order_id' => '9853',
    ),
  ),
)
14.03.2022 17:01:29 - array (
  'jsonrpc' => '2.0',
  'id' => 575,
  'method' => 'CheckPerformTransaction',
  'params' => 
  array (
    'amount' => 150000000,
    'account' => 
    array (
      'order_id' => '9854',
    ),
  ),
)
16.03.2022 08:46:13 - array (
  'jsonrpc' => '2.0',
  'id' => 8333,
  'method' => 'CheckPerformTransaction',
  'params' => 
  array (
    'amount' => 150000000,
    'account' => 
    array (
      'order_id' => '9857',
    ),
  ),
)
17.03.2022 18:12:50 - array (
  'jsonrpc' => '2.0',
  'id' => 21903,
  'method' => 'CheckPerformTransaction',
  'params' => 
  array (
    'amount' => 150000000,
    'account' => 
    array (
      'order_id' => '9856',
    ),
  ),
)
19.03.2022 11:12:33 - array (
  'jsonrpc' => '2.0',
  'id' => 53964,
  'method' => 'CheckPerformTransaction',
  'params' => 
  array (
    'amount' => 150000000,
    'account' => 
    array (
      'order_id' => '9859',
    ),
  ),
)
19.03.2022 14:40:16 - array (
  'jsonrpc' => '2.0',
  'id' => 13167,
  'method' => 'CheckPerformTransaction',
  'params' => 
  array (
    'amount' => 150000000,
    'account' => 
    array (
      'order_id' => '9861',
    ),
  ),
)
20.03.2022 05:34:26 - array (
  'jsonrpc' => '2.0',
  'id' => 37085,
  'method' => 'CheckPerformTransaction',
  'params' => 
  array (
    'amount' => 150000000,
    'account' => 
    array (
      'order_id' => '9862',
    ),
  ),
)
21.03.2022 14:41:23 - array (
  'jsonrpc' => '2.0',
  'id' => 89529,
  'method' => 'CheckPerformTransaction',
  'params' => 
  array (
    'amount' => 150000000,
    'account' => 
    array (
      'order_id' => '9863',
    ),
  ),
)
21.03.2022 14:41:51 - array (
  'jsonrpc' => '2.0',
  'id' => 7100,
  'method' => 'CreateTransaction',
  'params' => 
  array (
    'id' => '62388e931b16e3b254d9bcb1',
    'time' => 1647873709960,
    'amount' => 150000000,
    'account' => 
    array (
      'order_id' => '9863',
    ),
  ),
)
21.03.2022 14:41:52 - array (
  'jsonrpc' => '2.0',
  'id' => 7101,
  'method' => 'PerformTransaction',
  'params' => 
  array (
    'id' => '62388e931b16e3b254d9bcb1',
  ),
)
22.03.2022 08:25:39 - array (
  'jsonrpc' => '2.0',
  'id' => 61383,
  'method' => 'CheckPerformTransaction',
  'params' => 
  array (
    'amount' => 150000000,
    'account' => 
    array (
      'order_id' => '9864',
    ),
  ),
)
23.03.2022 15:13:42 - array (
  'jsonrpc' => '2.0',
  'id' => 1420,
  'method' => 'CheckPerformTransaction',
  'params' => 
  array (
    'amount' => 150000000,
    'account' => 
    array (
      'order_id' => '9868',
    ),
  ),
)
08.05.2022 19:30:21 - array (
  'jsonrpc' => '2.0',
  'id' => 95358,
  'method' => 'CheckPerformTransaction',
  'params' => 
  array (
    'amount' => 150000000,
    'account' => 
    array (
      'order_id' => '9872',
    ),
  ),
)
16.05.2022 04:47:38 - array (
  'jsonrpc' => '2.0',
  'id' => 21847,
  'method' => 'CheckPerformTransaction',
  'params' => 
  array (
    'amount' => 150000000,
    'account' => 
    array (
      'order_id' => '9879',
    ),
  ),
)
18.05.2022 05:11:56 - array (
  'jsonrpc' => '2.0',
  'id' => 8527,
  'method' => 'CheckPerformTransaction',
  'params' => 
  array (
    'amount' => 150000000,
    'account' => 
    array (
      'order_id' => '9887',
    ),
  ),
)
01.06.2022 15:17:05 - array (
  'jsonrpc' => '2.0',
  'id' => 14200,
  'method' => 'CheckPerformTransaction',
  'params' => 
  array (
    'amount' => 150000000,
    'account' => 
    array (
      'order_id' => '9894',
    ),
  ),
)
01.06.2022 15:35:51 - array (
  'jsonrpc' => '2.0',
  'id' => 7280,
  'method' => 'CheckPerformTransaction',
  'params' => 
  array (
    'amount' => 150000000,
    'account' => 
    array (
      'order_id' => '9895',
    ),
  ),
)
01.06.2022 15:42:16 - array (
  'jsonrpc' => '2.0',
  'id' => 13179,
  'method' => 'CreateTransaction',
  'params' => 
  array (
    'id' => '62978758b7af2c2349e38723',
    'time' => 1654098134261,
    'amount' => 150000000,
    'account' => 
    array (
      'order_id' => '9895',
    ),
  ),
)
01.06.2022 15:42:18 - array (
  'jsonrpc' => '2.0',
  'id' => 13181,
  'method' => 'PerformTransaction',
  'params' => 
  array (
    'id' => '62978758b7af2c2349e38723',
  ),
)
01.06.2022 19:11:27 - array (
  'jsonrpc' => '2.0',
  'id' => 8207,
  'method' => 'CheckPerformTransaction',
  'params' => 
  array (
    'amount' => 150000000,
    'account' => 
    array (
      'order_id' => '9901',
    ),
  ),
)
01.06.2022 19:14:21 - array (
  'jsonrpc' => '2.0',
  'id' => 16724,
  'method' => 'CheckPerformTransaction',
  'params' => 
  array (
    'amount' => 150000000,
    'account' => 
    array (
      'order_id' => '9903',
    ),
  ),
)
01.06.2022 19:22:57 - array (
  'jsonrpc' => '2.0',
  'id' => 4011,
  'method' => 'CheckPerformTransaction',
  'params' => 
  array (
    'amount' => 150000000,
    'account' => 
    array (
      'order_id' => '9905',
    ),
  ),
)
05.06.2022 08:53:08 - array (
  'jsonrpc' => '2.0',
  'id' => 42658,
  'method' => 'CheckPerformTransaction',
  'params' => 
  array (
    'amount' => 150000000,
    'account' => 
    array (
      'order_id' => '9920',
    ),
  ),
)
05.06.2022 08:53:25 - array (
  'jsonrpc' => '2.0',
  'id' => 61907,
  'method' => 'CheckPerformTransaction',
  'params' => 
  array (
    'amount' => 150000000,
    'account' => 
    array (
      'order_id' => '9922',
    ),
  ),
)
05.06.2022 09:43:17 - array (
  'jsonrpc' => '2.0',
  'id' => 62554,
  'method' => 'CheckPerformTransaction',
  'params' => 
  array (
    'amount' => 150000000,
    'account' => 
    array (
      'order_id' => '9923',
    ),
  ),
)
05.06.2022 09:44:06 - array (
  'jsonrpc' => '2.0',
  'id' => 62568,
  'method' => 'CheckPerformTransaction',
  'params' => 
  array (
    'amount' => 150000000,
    'account' => 
    array (
      'order_id' => '9924',
    ),
  ),
)
09.06.2022 13:59:35 - array (
  'jsonrpc' => '2.0',
  'id' => 20065,
  'method' => 'CheckPerformTransaction',
  'params' => 
  array (
    'amount' => 150000000,
    'account' => 
    array (
      'order_id' => '9928',
    ),
  ),
)
13.06.2022 15:46:34 - array (
  'jsonrpc' => '2.0',
  'id' => 3504,
  'method' => 'CheckPerformTransaction',
  'params' => 
  array (
    'amount' => 150000000,
    'account' => 
    array (
      'order_id' => '9932',
    ),
  ),
)
13.06.2022 17:50:49 - array (
  'jsonrpc' => '2.0',
  'id' => 3824,
  'method' => 'CheckPerformTransaction',
  'params' => 
  array (
    'amount' => 150000000,
    'account' => 
    array (
      'order_id' => '9934',
    ),
  ),
)
14.06.2022 15:27:19 - array (
  'jsonrpc' => '2.0',
  'id' => 1683,
  'method' => 'CheckPerformTransaction',
  'params' => 
  array (
    'amount' => 150000000,
    'account' => 
    array (
      'order_id' => '9943',
    ),
  ),
)
14.06.2022 15:28:39 - array (
  'jsonrpc' => '2.0',
  'id' => 1415,
  'method' => 'CreateTransaction',
  'params' => 
  array (
    'id' => '62a8a8d7d60abbe3b99ccc62',
    'time' => 1655220517554,
    'amount' => 150000000,
    'account' => 
    array (
      'order_id' => '9943',
    ),
  ),
)
14.06.2022 15:28:41 - array (
  'jsonrpc' => '2.0',
  'id' => 1416,
  'method' => 'PerformTransaction',
  'params' => 
  array (
    'id' => '62a8a8d7d60abbe3b99ccc62',
  ),
)
16.06.2022 09:06:50 - array (
  'jsonrpc' => '2.0',
  'id' => 4769,
  'method' => 'CheckPerformTransaction',
  'params' => 
  array (
    'amount' => 150000000,
    'account' => 
    array (
      'order_id' => '9946',
    ),
  ),
)
16.06.2022 09:07:10 - array (
  'jsonrpc' => '2.0',
  'id' => 7874,
  'method' => 'CheckPerformTransaction',
  'params' => 
  array (
    'amount' => 150000000,
    'account' => 
    array (
      'order_id' => '9947',
    ),
  ),
)
20.06.2022 11:02:15 - array (
  'jsonrpc' => '2.0',
  'id' => 45493,
  'method' => 'CheckPerformTransaction',
  'params' => 
  array (
    'amount' => 150000000,
    'account' => 
    array (
      'order_id' => '9949',
    ),
  ),
)
20.06.2022 11:05:29 - array (
  'jsonrpc' => '2.0',
  'id' => 3850,
  'method' => 'CreateTransaction',
  'params' => 
  array (
    'id' => '62b053b8807b2c5912c811f3',
    'time' => 1655723128703,
    'amount' => 150000000,
    'account' => 
    array (
      'order_id' => '9949',
    ),
  ),
)
20.06.2022 11:05:30 - array (
  'jsonrpc' => '2.0',
  'id' => 3851,
  'method' => 'PerformTransaction',
  'params' => 
  array (
    'id' => '62b053b8807b2c5912c811f3',
  ),
)
21.06.2022 07:03:23 - array (
  'jsonrpc' => '2.0',
  'id' => 13875,
  'method' => 'CheckPerformTransaction',
  'params' => 
  array (
    'amount' => 150000000,
    'account' => 
    array (
      'order_id' => '9951',
    ),
  ),
)
25.06.2022 07:06:12 - array (
  'jsonrpc' => '2.0',
  'id' => 707,
  'method' => 'CheckPerformTransaction',
  'params' => 
  array (
    'amount' => 150000000,
    'account' => 
    array (
      'order_id' => '9952',
    ),
  ),
)
04.07.2022 04:52:33 - array (
  'jsonrpc' => '2.0',
  'id' => 330022,
  'method' => 'CheckPerformTransaction',
  'params' => 
  array (
    'amount' => 150000000,
    'account' => 
    array (
      'order_id' => '9955',
    ),
  ),
)
04.07.2022 04:54:54 - array (
  'jsonrpc' => '2.0',
  'id' => 8717,
  'method' => 'CreateTransaction',
  'params' => 
  array (
    'id' => '62c27212eba551ab73eafb6e',
    'time' => 1656910494422,
    'amount' => 150000000,
    'account' => 
    array (
      'order_id' => '9955',
    ),
  ),
)
04.07.2022 04:54:56 - array (
  'jsonrpc' => '2.0',
  'id' => 8718,
  'method' => 'PerformTransaction',
  'params' => 
  array (
    'id' => '62c27212eba551ab73eafb6e',
  ),
)
05.07.2022 16:49:49 - array (
  'jsonrpc' => '2.0',
  'id' => 8099,
  'method' => 'CheckPerformTransaction',
  'params' => 
  array (
    'amount' => 150000000,
    'account' => 
    array (
      'order_id' => '9957',
    ),
  ),
)
05.07.2022 16:52:01 - array (
  'jsonrpc' => '2.0',
  'id' => 1446,
  'method' => 'CreateTransaction',
  'params' => 
  array (
    'id' => '62c46badbe92d86ba5d02b70',
    'time' => 1657039920459,
    'amount' => 150000000,
    'account' => 
    array (
      'order_id' => '9957',
    ),
  ),
)
05.07.2022 16:52:02 - array (
  'jsonrpc' => '2.0',
  'id' => 1447,
  'method' => 'PerformTransaction',
  'params' => 
  array (
    'id' => '62c46badbe92d86ba5d02b70',
  ),
)
16.07.2022 10:16:18 - array (
  'jsonrpc' => '2.0',
  'id' => 5317,
  'method' => 'CheckPerformTransaction',
  'params' => 
  array (
    'amount' => 150000000,
    'account' => 
    array (
      'order_id' => '9960',
    ),
  ),
)
25.07.2022 05:56:54 - array (
  'jsonrpc' => '2.0',
  'id' => 47562,
  'method' => 'CheckPerformTransaction',
  'params' => 
  array (
    'amount' => 150000000,
    'account' => 
    array (
      'order_id' => '9971',
    ),
  ),
)
30.07.2022 07:23:40 - array (
  'jsonrpc' => '2.0',
  'id' => 5507,
  'method' => 'CheckPerformTransaction',
  'params' => 
  array (
    'amount' => 150000000,
    'account' => 
    array (
      'order_id' => '9978',
    ),
  ),
)
10.08.2022 16:18:07 - array (
  'jsonrpc' => '2.0',
  'id' => 18451,
  'method' => 'CheckPerformTransaction',
  'params' => 
  array (
    'amount' => 150000000,
    'account' => 
    array (
      'order_id' => '9980',
    ),
  ),
)
10.08.2022 16:20:52 - array (
  'jsonrpc' => '2.0',
  'id' => 8416,
  'method' => 'CreateTransaction',
  'params' => 
  array (
    'id' => '62f3da40e2753ad5ffe8f7c0',
    'time' => 1660148451119,
    'amount' => 150000000,
    'account' => 
    array (
      'order_id' => '9980',
    ),
  ),
)
10.08.2022 16:20:53 - array (
  'jsonrpc' => '2.0',
  'id' => 8417,
  'method' => 'PerformTransaction',
  'params' => 
  array (
    'id' => '62f3da40e2753ad5ffe8f7c0',
  ),
)
16.08.2022 05:14:53 - array (
  'jsonrpc' => '2.0',
  'id' => 121,
  'method' => 'CheckPerformTransaction',
  'params' => 
  array (
    'amount' => 150000000,
    'account' => 
    array (
      'order_id' => '9985',
    ),
  ),
)
16.08.2022 05:15:10 - array (
  'jsonrpc' => '2.0',
  'id' => 2987,
  'method' => 'CheckPerformTransaction',
  'params' => 
  array (
    'amount' => 150000000,
    'account' => 
    array (
      'order_id' => '9987',
    ),
  ),
)
22.08.2022 10:31:13 - array (
  'jsonrpc' => '2.0',
  'id' => 7283,
  'method' => 'CheckPerformTransaction',
  'params' => 
  array (
    'amount' => 150000000,
    'account' => 
    array (
      'order_id' => '9988',
    ),
  ),
)
22.08.2022 10:33:32 - array (
  'jsonrpc' => '2.0',
  'id' => 5632,
  'method' => 'CheckPerformTransaction',
  'params' => 
  array (
    'amount' => 150000000,
    'account' => 
    array (
      'order_id' => '9990',
    ),
  ),
)
22.08.2022 10:33:52 - array (
  'jsonrpc' => '2.0',
  'id' => 5634,
  'method' => 'CheckPerformTransaction',
  'params' => 
  array (
    'amount' => 100000000,
    'account' => 
    array (
      'order_id' => '9992',
    ),
  ),
)
22.08.2022 10:35:42 - array (
  'jsonrpc' => '2.0',
  'id' => 7304,
  'method' => 'CheckPerformTransaction',
  'params' => 
  array (
    'amount' => 100000000,
    'account' => 
    array (
      'order_id' => '9994',
    ),
  ),
)
22.08.2022 11:22:01 - array (
  'jsonrpc' => '2.0',
  'id' => 5796,
  'method' => 'CheckPerformTransaction',
  'params' => 
  array (
    'amount' => 100000000,
    'account' => 
    array (
      'order_id' => '9998',
    ),
  ),
)
22.08.2022 11:23:08 - array (
  'jsonrpc' => '2.0',
  'id' => 5806,
  'method' => 'CheckPerformTransaction',
  'params' => 
  array (
    'amount' => 150000000,
    'account' => 
    array (
      'order_id' => '10000',
    ),
  ),
)
